<?xml version="1.0" encoding="UTF-8"?>
<!-- Generated by org.testng.reporters.JUnitReportReporter -->
<testsuite hostname="LAPTOP-60BNE173" failures="0" tests="2" name="com.testscripts.MobileCalcTestScript" time="52.988" errors="0" timestamp="2023-12-22T14:01:43 IST" skipped="0">
  <testcase classname="com.testscripts.MobileCalcTestScript" name="addition" time="34.085"/>
  <system-out/>
  <testcase classname="com.testscripts.MobileCalcTestScript" name="multiplication" time="18.903"/>
  <system-out/>
</testsuite> <!-- com.testscripts.MobileCalcTestScript -->
